<?xml version="1.0" encoding="UTF-8"?>
<!-- Generated by org.testng.reporters.JUnitXMLReporter -->
<testsuite ignored="1" hostname="manish.local" failures="0" tests="1" name="brandTest" time="296.012" errors="0" timestamp="2023-01-22T22:01:36 IST">
  <testcase classname="TestScenario.brandTest" name="CheckOutScenario" time="290.573"/>
  <testcase classname="TestScenario.brandTest" name="ErrorValidationTest" time="0.0">
    <ignored/>
  </testcase> <!-- ErrorValidationTest -->
</testsuite> <!-- brandTest -->
