<?xml version="1.0" encoding="UTF-8"?>
<testng-results ignored="0" total="1" passed="1" failed="0" skipped="0">
  <reporter-output>
  </reporter-output>
  <suite started-at="2023-01-13T13:06:56 IST" name="Suite" finished-at="2023-01-13T13:11:10 IST" duration-ms="253583">
    <groups>
    </groups>
    <test started-at="2023-01-13T13:06:56 IST" name="brandTest" finished-at="2023-01-13T13:11:10 IST" duration-ms="253583">
      <class name="TestScenario.brandTest">
        <test-method is-config="true" signature="initializeDriver()[pri:0, instance:TestScenario.brandTest@d737b89]" started-at="2023-01-13T13:06:56 IST" name="initializeDriver" finished-at="2023-01-13T13:07:00 IST" duration-ms="3906" status="PASS">
          <reporter-output>
          </reporter-output>
        </test-method> <!-- initializeDriver -->
        <test-method signature="CheckOutScenario(java.util.HashMap)[pri:0, instance:TestScenario.brandTest@d737b89]" started-at="2023-01-13T13:07:00 IST" name="CheckOutScenario" data-provider="getData" finished-at="2023-01-13T13:11:10 IST" duration-ms="249268" status="PASS">
          <params>
            <param index="0">
              <value>
                <![CDATA[{Area=Al Qadisiya, Civil=8798687898, Villa=145, Address=113,AD Nagar, Block=2, Street=k-7/149, City=Al Najaf, Mobile=4673838272, Name=Kuwait}]]>
              </value>
            </param>
          </params>
          <reporter-output>
          </reporter-output>
        </test-method> <!-- CheckOutScenario -->
        <test-method is-config="true" signature="tearDown()[pri:0, instance:TestScenario.brandTest@d737b89]" started-at="2023-01-13T13:11:10 IST" name="tearDown" finished-at="2023-01-13T13:11:10 IST" duration-ms="202" status="PASS">
          <reporter-output>
          </reporter-output>
        </test-method> <!-- tearDown -->
      </class> <!-- TestScenario.brandTest -->
    </test> <!-- brandTest -->
  </suite> <!-- Suite -->
</testng-results>
